<?xml version="1.0" encoding="UTF-8"?>
<!-- Generated by org.testng.reporters.JUnitXMLReporter -->
<testsuite hostname="DESKTOP-07PEIS0" name="Test" tests="1" failures="0" timestamp="21 Jul 2020 21:42:11 GMT" time="6.389" errors="0">
  <testcase name="@BeforeTest setUpTest" time="0.0" classname="publixwebsiteautomation.FAQvalidations">
    <failure type="java.lang.IllegalArgumentException" message="Sheet index (1) is out of range (0..0)">
      <![CDATA[java.lang.IllegalArgumentException: Sheet index (1) is out of range (0..0)
	at org.apache.poi.xssf.usermodel.XSSFWorkbook.validateSheetIndex(XSSFWorkbook.java:1478)
	at org.apache.poi.xssf.usermodel.XSSFWorkbook.getSheetAt(XSSFWorkbook.java:1154)
	at publixwebsiteautomation.FAQvalidations.excelconfig(FAQvalidations.java:33)
	at publixwebsiteautomation.FAQvalidations.setUpTest(FAQvalidations.java:54)
... Removed 22 stack frames]]>
    </failure>
  </testcase> <!-- @BeforeTest setUpTest -->
  <testcase name="test1" time="0.002" classname="publixwebsiteautomation.FAQvalidations">
    <skipped/>
  </testcase> <!-- test1 -->
</testsuite> <!-- Test -->
