<?xml version="1.0" encoding="UTF-8"?>
<testng-results skipped="0" failed="0" total="1" passed="1">
  <reporter-output>
  </reporter-output>
  <suite name="Default suite" duration-ms="9481" started-at="2020-07-12T23:29:20Z" finished-at="2020-07-12T23:29:30Z">
    <groups>
    </groups>
    <test name="Default test" duration-ms="9481" started-at="2020-07-12T23:29:20Z" finished-at="2020-07-12T23:29:30Z">
      <class name="demo.Test2">
        <test-method status="PASS" signature="setUp()[pri:0, instance:demo.Test2@79698539]" name="setUp" is-config="true" duration-ms="6174" started-at="2020-07-12T19:29:20Z" finished-at="2020-07-12T19:29:26Z">
          <reporter-output>
          </reporter-output>
        </test-method> <!-- setUp -->
        <test-method status="PASS" signature="test2()[pri:0, instance:demo.Test2@79698539]" name="test2" duration-ms="2558" started-at="2020-07-12T19:29:26Z" finished-at="2020-07-12T19:29:29Z">
          <reporter-output>
          </reporter-output>
        </test-method> <!-- test2 -->
        <test-method status="PASS" signature="tearDown()[pri:0, instance:demo.Test2@79698539]" name="tearDown" is-config="true" duration-ms="721" started-at="2020-07-12T19:29:29Z" finished-at="2020-07-12T19:29:30Z">
          <reporter-output>
          </reporter-output>
        </test-method> <!-- tearDown -->
      </class> <!-- demo.Test2 -->
    </test> <!-- Default test -->
  </suite> <!-- Default suite -->
</testng-results>
